sysctl: write error: 错误的文件描述符
sysctl: write error: 错误的文件描述符
sysctl: write error: 错误的文件描述符
认证方式    有线认证
认证网卡    enp3s0
用户名      U201514726
服务        internet
2019-04-03 21:29:50 正在停止系统(NetworkManager)服务
2019-04-03 21:29:51 正在启用网卡
2019-04-03 21:29:51 正在初始化...
2019-04-03 21:29:52 寻找认证服务器...
2019-04-03 21:29:52 连接认证服务器...
2019-04-03 21:29:52 正在进行认证...
2019-04-03 21:29:52 正在获取IP地址...
2019-04-03 21:29:55 寻找认证服务器...
2019-04-03 21:29:55 连接认证服务器...
2019-04-03 21:29:55 正在进行认证...
2019-04-03 21:29:55 认证成功
2019-04-03 21:29:55 管理中心提示：
                    
                    
                    
                    
                    
                    
                    
                    
                    
                    
                    
                    
                    
                    
                    
                    
                    
                    
                    
                    
                    
2019-04-03 22:04:55 寻找认证服务器...
2019-04-03 22:04:55 连接认证服务器...
2019-04-03 22:04:55 正在进行认证...
2019-04-03 22:04:55 正在获取IP地址...
2019-04-03 22:04:58 寻找认证服务器...
2019-04-03 22:04:58 连接认证服务器...
2019-04-03 22:04:58 正在进行认证...
2019-04-03 22:04:58 认证成功
2019-04-03 22:04:58 管理中心提示：
                    
                    
                    
                    
                    
                    
                    
                    
                    
                    
                    
                    
                    
                    
                    
                    
                    
                    
                    
                    
                    
客户端已经在运行。
sysctl: write error: 错误的文件描述符
sysctl: write error: 错误的文件描述符
sysctl: write error: 错误的文件描述符
认证方式    有线认证
2019-05-07 19:53:11 正在停止系统(NetworkManager)服务
认证网卡    enp3s0
用户名      U201514718
服务        internet
2019-05-07 19:53:13 正在启用网卡
2019-05-07 19:53:13 正在初始化...
2019-05-07 19:53:13 寻找认证服务器...
2019-05-07 19:53:13 连接认证服务器...
2019-05-07 19:53:13 正在进行认证...
2019-05-07 19:53:13 正在获取IP地址...
2019-05-07 19:53:18 寻找认证服务器...
2019-05-07 19:53:21 寻找认证服务器...
2019-05-07 19:53:24 寻找认证服务器...
2019-05-07 19:53:24 连接认证服务器...
2019-05-07 19:53:24 正在进行认证...
2019-05-07 19:53:24 认证成功
2019-05-07 19:53:24 管理中心提示：
                    
                    
                    
                    
                    
                    
                    
                    
                    
                    
                    
                    
                    
                    
                    
                    
                    
                    
                    
                    
                    
2019-05-07 20:27:24 寻找认证服务器...
2019-05-07 20:27:24 连接认证服务器...
2019-05-07 20:27:24 正在进行认证...
2019-05-07 20:27:24 正在获取IP地址...
2019-05-07 20:27:27 寻找认证服务器...
2019-05-07 20:27:27 连接认证服务器...
2019-05-07 20:27:27 正在进行认证...
2019-05-07 20:27:28 认证成功
2019-05-07 20:27:28 管理中心提示：
                    
                    
                    
                    
                    
                    
                    
                    
                    
                    
                    
                    
                    
                    
                    
                    
                    
                    
                    
                    
                    
